C:\Program Files\Microsoft Visual Studio\2022\Community\MSBuild\Microsoft\VC\v170\Microsoft.CppBuild.targets(531,5): warning MSB8028: The intermediate directory (C:\Users\keffi\Desktop\PasswordCrackerGui\examples\example_win32_directx9\Release\) contains files shared from another project (example_win32_directx9.vcxproj).  This can lead to incorrect clean and rebuild behavior.
  imgui.cpp
  imgui_draw.cpp
  imgui_tables.cpp
  imgui_widgets.cpp
  imgui_impl_dx9.cpp
  imgui_impl_win32.cpp
  main.cpp
C:\Users\keffi\Desktop\PasswordCrackerGui\examples\example_win32_directx9\main.cpp(146,5): warning C4007: 'WinMain': must be '__stdcall'
C:\Users\keffi\Desktop\PasswordCrackerGui\examples\example_win32_directx9\main.cpp(150,9): warning C4100: 'nCmdShow': unreferenced formal parameter
C:\Users\keffi\Desktop\PasswordCrackerGui\examples\example_win32_directx9\main.cpp(149,11): warning C4100: 'lpCmdLine': unreferenced formal parameter
C:\Users\keffi\Desktop\PasswordCrackerGui\examples\example_win32_directx9\main.cpp(148,15): warning C4100: 'hPrevInstance': unreferenced formal parameter
C:\Users\keffi\Desktop\PasswordCrackerGui\examples\example_win32_directx9\main.cpp(147,15): warning C4100: 'hInstance': unreferenced formal parameter
C:\Program Files\Microsoft Visual Studio\2022\Community\VC\Tools\MSVC\14.42.34433\include\xutility(4710,18): warning C4244: '=': conversion from 'wchar_t' to 'char', possible loss of data
  (compiling source file 'main.cpp')
      C:\Program Files\Microsoft Visual Studio\2022\Community\VC\Tools\MSVC\14.42.34433\include\xutility(4710,18):
      the template instantiation context (the oldest one first) is
          C:\Users\keffi\Desktop\PasswordCrackerGui\examples\example_win32_directx9\main.cpp(116,27):
          see reference to function template instantiation 'std::basic_string<char,std::char_traits<char>,std::allocator<char>>::basic_string<std::_String_iterator<std::_String_val<std::_Simple_types<_Elem>>>,0>(_Iter,_Iter,const _Alloc &)' being compiled
          with
          [
              _Elem=wchar_t,
              _Iter=std::_String_iterator<std::_String_val<std::_Simple_types<wchar_t>>>,
              _Alloc=std::allocator<char>
          ]
              C:\Users\keffi\Desktop\PasswordCrackerGui\examples\example_win32_directx9\main.cpp(116,9):
              see the first reference to 'std::basic_string<char,std::char_traits<char>,std::allocator<char>>::basic_string' in 'openFileDialog'
          C:\Program Files\Microsoft Visual Studio\2022\Community\VC\Tools\MSVC\14.42.34433\include\xstring(793,17):
          see reference to function template instantiation 'void std::basic_string<char,std::char_traits<char>,std::allocator<char>>::_Construct_from_iter<wchar_t*,wchar_t*,_Size_type>(_Iter,const _Sent,_Size)' being compiled
          with
          [
              _Size_type=unsigned int,
              _Iter=wchar_t *,
              _Sent=wchar_t *,
              _Size=unsigned int
          ]
          C:\Program Files\Microsoft Visual Studio\2022\Community\VC\Tools\MSVC\14.42.34433\include\xstring(949,18):
          see reference to function template instantiation '_OutIt *std::_Copy_n_unchecked4<wchar_t*,_Size,char*>(_InIt,_SizeTy,_OutIt)' being compiled
          with
          [
              _OutIt=char *,
              _Size=unsigned int,
              _InIt=wchar_t *,
              _SizeTy=unsigned int
          ]
  
  Generating code
  2186 of 2198 functions (99.5%) were compiled, the rest were copied from previous compilation.
    27 functions were new in current compilation
    2 functions had inline decision re-evaluated but remain unchanged
  Finished generating code
  example_win32_directx9.vcxproj -> C:\Users\keffi\Desktop\PasswordCrackerGui\examples\example_win32_directx9\Release\Password Cracker Gui.exe
