c:\users\keffi\documents\c++\imgui\imguiapp\examples\example_win32_directx9\release\vc143.pdb
c:\users\keffi\documents\c++\imgui\imguiapp\examples\example_win32_directx9\release\main.obj
c:\users\keffi\documents\c++\imgui\imguiapp\examples\example_win32_directx9\release\imgui_impl_win32.obj
c:\users\keffi\documents\c++\imgui\imguiapp\examples\example_win32_directx9\release\imgui_impl_dx9.obj
c:\users\keffi\documents\c++\imgui\imguiapp\examples\example_win32_directx9\release\imgui_widgets.obj
c:\users\keffi\documents\c++\imgui\imguiapp\examples\example_win32_directx9\release\imgui_tables.obj
c:\users\keffi\documents\c++\imgui\imguiapp\examples\example_win32_directx9\release\imgui_draw.obj
c:\users\keffi\documents\c++\imgui\imguiapp\examples\example_win32_directx9\release\imgui_demo.obj
c:\users\keffi\documents\c++\imgui\imguiapp\examples\example_win32_directx9\release\imgui.obj
c:\users\keffi\documents\c++\imgui\imguiapp\examples\example_win32_directx9\release\example_win32_directx9.ipdb
c:\users\keffi\documents\c++\imgui\imguiapp\examples\example_win32_directx9\release\example_win32_directx9.iobj
c:\users\keffi\documents\c++\imgui\imguiapp\examples\example_win32_directx9\release\example_win32_directx9.pdb
c:\users\keffi\documents\c++\imgui\imguiapp\examples\example_win32_directx9\release\example_win32_directx9.vcxproj.filelistabsolute.txt
c:\users\keffi\documents\c++\imgui\imguiapp\examples\example_win32_directx9\release\example_.4165a294.tlog\cl.command.1.tlog
c:\users\keffi\documents\c++\imgui\imguiapp\examples\example_win32_directx9\release\example_.4165a294.tlog\cl.items.tlog
c:\users\keffi\documents\c++\imgui\imguiapp\examples\example_win32_directx9\release\example_.4165a294.tlog\cl.read.1.tlog
c:\users\keffi\documents\c++\imgui\imguiapp\examples\example_win32_directx9\release\example_.4165a294.tlog\cl.write.1.tlog
c:\users\keffi\documents\c++\imgui\imguiapp\examples\example_win32_directx9\release\example_.4165a294.tlog\link.command.1.tlog
c:\users\keffi\documents\c++\imgui\imguiapp\examples\example_win32_directx9\release\example_.4165a294.tlog\link.read.1.tlog
c:\users\keffi\documents\c++\imgui\imguiapp\examples\example_win32_directx9\release\example_.4165a294.tlog\link.secondary.1.tlog
c:\users\keffi\documents\c++\imgui\imguiapp\examples\example_win32_directx9\release\example_.4165a294.tlog\link.write.1.tlog
